0:0:0:0:0:0:0:1 - - [03/三月/2019:10:29:15 +0800] "GET /finance/manage/login HTTP/1.1" 200 - 
0:0:0:0:0:0:0:1 - - [03/三月/2019:10:29:16 +0800] "GET /finance/captcha HTTP/1.1" 200 - 
0:0:0:0:0:0:0:1 - - [03/三月/2019:10:29:17 +0800] "GET /favicon.ico HTTP/1.1" 200 1150 
0:0:0:0:0:0:0:1 - - [03/三月/2019:10:29:18 +0800] "POST /finance/login HTTP/1.1" 302 - 
0:0:0:0:0:0:0:1 - - [03/三月/2019:10:29:19 +0800] "GET /finance/manage/main HTTP/1.1" 200 - 
0:0:0:0:0:0:0:1 - - [03/三月/2019:10:29:19 +0800] "GET /finance/resources/public/js/jquery.easyui.min.js HTTP/1.1" 304 - 
0:0:0:0:0:0:0:1 - - [03/三月/2019:10:29:19 +0800] "GET /finance/resources/core/css/style.css HTTP/1.1" 304 - 
0:0:0:0:0:0:0:1 - - [03/三月/2019:10:29:19 +0800] "GET /finance/resources/public/css/easyui.css HTTP/1.1" 304 - 
0:0:0:0:0:0:0:1 - - [03/三月/2019:10:29:19 +0800] "GET /finance/resources/public/css/icon.css HTTP/1.1" 304 - 
0:0:0:0:0:0:0:1 - - [03/三月/2019:10:29:19 +0800] "GET /finance/resources/public/css/images/loading.gif HTTP/1.1" 304 - 
0:0:0:0:0:0:0:1 - - [03/三月/2019:10:29:19 +0800] "GET /finance/resources/public/css/images/blank.gif HTTP/1.1" 304 - 
0:0:0:0:0:0:0:1 - - [03/三月/2019:10:29:19 +0800] "GET /finance/resources/public/css/images/layout_arrows.png HTTP/1.1" 304 - 
0:0:0:0:0:0:0:1 - - [03/三月/2019:10:29:19 +0800] "GET /finance/resources/public/css/images/panel_tools.png HTTP/1.1" 304 - 
0:0:0:0:0:0:0:1 - - [03/三月/2019:10:29:19 +0800] "GET /finance/manage/mTop?_=1551580159562 HTTP/1.1" 200 - 
0:0:0:0:0:0:0:1 - - [03/三月/2019:10:29:19 +0800] "GET /finance/manage/mFoot?_=1551580159564 HTTP/1.1" 200 - 
0:0:0:0:0:0:0:1 - - [03/三月/2019:10:29:19 +0800] "GET /finance/manage/mLeft?_=1551580159563 HTTP/1.1" 200 - 
0:0:0:0:0:0:0:1 - - [03/三月/2019:10:29:19 +0800] "GET /finance/resources/public/css/images/touxiang.png HTTP/1.1" 304 - 
0:0:0:0:0:0:0:1 - - [03/三月/2019:10:29:19 +0800] "GET /finance/manage/mCenter?_=1551580159565 HTTP/1.1" 200 - 
0:0:0:0:0:0:0:1 - - [03/三月/2019:10:29:19 +0800] "GET /finance/resources/public/css/images/wuliutitlebg.png HTTP/1.1" 304 - 
0:0:0:0:0:0:0:1 - - [03/三月/2019:10:29:19 +0800] "GET /finance/resources/public/css/images/tabs_icons.png HTTP/1.1" 304 - 
0:0:0:0:0:0:0:1 - - [03/三月/2019:10:29:19 +0800] "GET /finance/resources/core/images/pageUp.png HTTP/1.1" 304 - 
0:0:0:0:0:0:0:1 - - [03/三月/2019:10:29:19 +0800] "GET /finance/resources/core/images/pageDown.png HTTP/1.1" 304 - 
0:0:0:0:0:0:0:1 - - [03/三月/2019:10:29:20 +0800] "GET /finance/resources/js/governmentNotice.js?_=1551580159566 HTTP/1.1" 200 1581 
0:0:0:0:0:0:0:1 - - [03/三月/2019:10:29:20 +0800] "GET /finance/resources/js/remind.js?_=1551580159567 HTTP/1.1" 200 1051 
0:0:0:0:0:0:0:1 - - [03/三月/2019:10:29:20 +0800] "GET /finance/resources/public/css/icons/icon-reload.png HTTP/1.1" 304 - 
0:0:0:0:0:0:0:1 - - [03/三月/2019:10:29:20 +0800] "GET /finance/resources/public/css/icons/icon-no.png HTTP/1.1" 304 - 
0:0:0:0:0:0:0:1 - - [03/三月/2019:10:29:19 +0800] "GET /finance/resources/public/css/icons/icon-home.png HTTP/1.1" 304 - 
0:0:0:0:0:0:0:1 - - [03/三月/2019:10:29:20 +0800] "GET /finance/resources/public/css/icons/icon-color.png HTTP/1.1" 304 - 
0:0:0:0:0:0:0:1 - - [03/三月/2019:10:29:20 +0800] "GET /finance/resources/public/css/icons/icon-save.png HTTP/1.1" 304 - 
0:0:0:0:0:0:0:1 - - [03/三月/2019:10:29:20 +0800] "GET /finance/resources/core/images/sun.png HTTP/1.1" 304 - 
0:0:0:0:0:0:0:1 - - [03/三月/2019:10:29:20 +0800] "GET /finance/resources/core/images/dp.png HTTP/1.1" 304 - 
0:0:0:0:0:0:0:1 - - [03/三月/2019:10:29:19 +0800] "POST /finance/getUsersMenu HTTP/1.1" 200 - 
0:0:0:0:0:0:0:1 - - [03/三月/2019:10:29:20 +0800] "POST /finance/manage/car/remind HTTP/1.1" 200 - 
0:0:0:0:0:0:0:1 - - [03/三月/2019:10:29:20 +0800] "POST /finance/manage/notice/info HTTP/1.1" 200 - 
0:0:0:0:0:0:0:1 - - [03/三月/2019:10:29:20 +0800] "POST /finance/manage/transport/info HTTP/1.1" 200 - 
0:0:0:0:0:0:0:1 - - [03/三月/2019:10:29:20 +0800] "GET /finance/resources/public/css/icons/icon-company.png HTTP/1.1" 304 - 
0:0:0:0:0:0:0:1 - - [03/三月/2019:10:29:20 +0800] "GET /finance/resources/public/css/icons/icon-power.png HTTP/1.1" 304 - 
0:0:0:0:0:0:0:1 - - [03/三月/2019:10:29:20 +0800] "GET /finance/resources/core/images/leftline.gif HTTP/1.1" 304 - 
0:0:0:0:0:0:0:1 - - [03/三月/2019:10:29:20 +0800] "GET /finance/resources/core/images/list.gif HTTP/1.1" 304 - 
0:0:0:0:0:0:0:1 - - [03/三月/2019:10:29:20 +0800] "GET /finance/resources/core/images/leftmenubg.gif HTTP/1.1" 304 - 
0:0:0:0:0:0:0:1 - - [03/三月/2019:10:29:30 +0800] "GET /finance/resources/public/css/icons/mini_refresh.png HTTP/1.1" 304 - 
0:0:0:0:0:0:0:1 - - [03/三月/2019:10:29:30 +0800] "GET /finance/resources/public/css/icons/icon-setting.png HTTP/1.1" 304 - 
0:0:0:0:0:0:0:1 - - [03/三月/2019:10:29:30 +0800] "GET /finance/resources/core/images/sj.png HTTP/1.1" 304 - 
0:0:0:0:0:0:0:1 - - [03/三月/2019:10:29:30 +0800] "GET /finance/resources/core/images/jtx.png HTTP/1.1" 304 - 
0:0:0:0:0:0:0:1 - - [03/三月/2019:10:29:30 +0800] "GET /finance/resources/core/images/libg.png HTTP/1.1" 304 - 
0:0:0:0:0:0:0:1 - - [03/三月/2019:10:29:30 +0800] "GET /finance/manage/menu/menuMain HTTP/1.1" 200 - 
0:0:0:0:0:0:0:1 - - [03/三月/2019:10:29:30 +0800] "GET /finance/resources/check/css/common.css HTTP/1.1" 304 - 
0:0:0:0:0:0:0:1 - - [03/三月/2019:10:29:30 +0800] "GET /finance/resources/check/js/jqueryUtil.js HTTP/1.1" 304 - 
0:0:0:0:0:0:0:1 - - [03/三月/2019:10:29:30 +0800] "GET /finance/resources/core/images/t02.png HTTP/1.1" 304 - 
0:0:0:0:0:0:0:1 - - [03/三月/2019:10:29:30 +0800] "GET /finance/resources/core/images/t01.png HTTP/1.1" 304 - 
0:0:0:0:0:0:0:1 - - [03/三月/2019:10:29:30 +0800] "GET /finance/resources/core/images/t03.png HTTP/1.1" 304 - 
0:0:0:0:0:0:0:1 - - [03/三月/2019:10:29:30 +0800] "GET /finance/resources/core/images/ticon.png HTTP/1.1" 304 - 
0:0:0:0:0:0:0:1 - - [03/三月/2019:10:29:30 +0800] "GET /finance/resources/core/images/toolbg.gif HTTP/1.1" 304 - 
0:0:0:0:0:0:0:1 - - [03/三月/2019:10:29:30 +0800] "POST /finance/manage/menu/findAllMenuList HTTP/1.1" 200 - 
0:0:0:0:0:0:0:1 - - [03/三月/2019:10:29:31 +0800] "GET /finance/resources/public/css/images/tree_icons.png HTTP/1.1" 304 - 
0:0:0:0:0:0:0:1 - - [03/三月/2019:10:29:48 +0800] "GET /finance/manage/forwarderLogistics/main HTTP/1.1" 200 - 
0:0:0:0:0:0:0:1 - - [03/三月/2019:10:29:48 +0800] "GET /finance/resources/public/js/locale/easyui-lang-zh_CN.js HTTP/1.1" 200 2487 
0:0:0:0:0:0:0:1 - - [03/三月/2019:10:29:48 +0800] "GET /finance/resources/core/images/excel.png HTTP/1.1" 200 1844 
0:0:0:0:0:0:0:1 - - [03/三月/2019:10:29:48 +0800] "GET /finance/resources/core/images/ico06.png HTTP/1.1" 200 4631 
0:0:0:0:0:0:0:1 - - [03/三月/2019:10:29:48 +0800] "GET /finance/resources/core/images/refresh.png HTTP/1.1" 200 1107 
0:0:0:0:0:0:0:1 - - [03/三月/2019:10:29:48 +0800] "GET /finance/resources/public/css/images/combo_arrow.png HTTP/1.1" 200 117 
0:0:0:0:0:0:0:1 - - [03/三月/2019:10:29:48 +0800] "GET /finance/resources/public/css/images/pagination_icons.png HTTP/1.1" 200 628 
0:0:0:0:0:0:0:1 - - [03/三月/2019:10:29:48 +0800] "POST /finance/manage/forwarderLogistics/searchByPage HTTP/1.1" 200 - 
0:0:0:0:0:0:0:1 - - [03/三月/2019:10:30:04 +0800] "GET /finance/resources/public/css/icons/icon-yes.png HTTP/1.1" 200 1364 
0:0:0:0:0:0:0:1 - - [03/三月/2019:10:30:04 +0800] "GET /finance/manage/forwarderLogistics/editDlg?_=1551580188448 HTTP/1.1" 200 - 
0:0:0:0:0:0:0:1 - - [03/三月/2019:10:30:05 +0800] "GET /finance/resources/core/images/fromedit.png HTTP/1.1" 200 272 
0:0:0:0:0:0:0:1 - - [03/三月/2019:10:32:53 +0800] "GET /finance/manage/car/remindDetailMain?type=1 HTTP/1.1" 200 - 
0:0:0:0:0:0:0:1 - - [03/三月/2019:10:32:53 +0800] "POST /finance/manage/car/searchByPageRemind?myType=1 HTTP/1.1" 200 - 
0:0:0:0:0:0:0:1 - - [03/三月/2019:10:33:03 +0800] "POST /finance/manage/car/searchByPageRemind?myType=1 HTTP/1.1" 200 - 
0:0:0:0:0:0:0:1 - - [03/三月/2019:10:33:03 +0800] "POST /finance/manage/car/searchByPageRemind?myType=1 HTTP/1.1" 200 - 
0:0:0:0:0:0:0:1 - - [03/三月/2019:10:35:01 +0800] "GET /finance/manage/main HTTP/1.1" 200 - 
0:0:0:0:0:0:0:1 - - [03/三月/2019:10:35:01 +0800] "GET /finance/manage/mTop?_=1551580501335 HTTP/1.1" 200 - 
0:0:0:0:0:0:0:1 - - [03/三月/2019:10:35:01 +0800] "GET /finance/manage/mLeft?_=1551580501336 HTTP/1.1" 200 - 
0:0:0:0:0:0:0:1 - - [03/三月/2019:10:35:01 +0800] "GET /finance/manage/mFoot?_=1551580501337 HTTP/1.1" 200 - 
0:0:0:0:0:0:0:1 - - [03/三月/2019:10:35:01 +0800] "POST /finance/getUsersMenu HTTP/1.1" 200 - 
0:0:0:0:0:0:0:1 - - [03/三月/2019:10:35:01 +0800] "GET /favicon.ico HTTP/1.1" 200 1150 
0:0:0:0:0:0:0:1 - - [03/三月/2019:10:35:01 +0800] "GET /finance/manage/mCenter?_=1551580501338 HTTP/1.1" 200 - 
0:0:0:0:0:0:0:1 - - [03/三月/2019:10:35:01 +0800] "GET /finance/resources/js/governmentNotice.js?_=1551580501339 HTTP/1.1" 200 1581 
0:0:0:0:0:0:0:1 - - [03/三月/2019:10:35:01 +0800] "POST /finance/manage/transport/info HTTP/1.1" 200 - 
0:0:0:0:0:0:0:1 - - [03/三月/2019:10:35:01 +0800] "POST /finance/manage/notice/info HTTP/1.1" 200 - 
0:0:0:0:0:0:0:1 - - [03/三月/2019:10:35:01 +0800] "GET /finance/resources/js/remind.js?_=1551580501340 HTTP/1.1" 200 1051 
0:0:0:0:0:0:0:1 - - [03/三月/2019:10:35:01 +0800] "POST /finance/manage/car/remind HTTP/1.1" 200 - 
0:0:0:0:0:0:0:1 - - [03/三月/2019:10:35:06 +0800] "POST /finance/manage/transport/info HTTP/1.1" 200 - 
0:0:0:0:0:0:0:1 - - [03/三月/2019:10:35:06 +0800] "POST /finance/manage/transport/info HTTP/1.1" 200 - 
0:0:0:0:0:0:0:1 - - [03/三月/2019:10:35:07 +0800] "POST /finance/manage/transport/info HTTP/1.1" 200 - 
0:0:0:0:0:0:0:1 - - [03/三月/2019:10:35:07 +0800] "POST /finance/manage/transport/info HTTP/1.1" 200 - 
0:0:0:0:0:0:0:1 - - [03/三月/2019:10:35:08 +0800] "POST /finance/manage/transport/info HTTP/1.1" 200 - 
0:0:0:0:0:0:0:1 - - [03/三月/2019:10:35:09 +0800] "POST /finance/manage/transport/info HTTP/1.1" 200 - 
0:0:0:0:0:0:0:1 - - [03/三月/2019:10:35:09 +0800] "POST /finance/manage/transport/info HTTP/1.1" 200 - 
0:0:0:0:0:0:0:1 - - [03/三月/2019:10:35:09 +0800] "POST /finance/manage/transport/info HTTP/1.1" 200 - 
0:0:0:0:0:0:0:1 - - [03/三月/2019:10:35:12 +0800] "POST /finance/manage/transport/info HTTP/1.1" 200 - 
0:0:0:0:0:0:0:1 - - [03/三月/2019:10:35:12 +0800] "POST /finance/manage/transport/info HTTP/1.1" 200 - 
0:0:0:0:0:0:0:1 - - [03/三月/2019:10:35:12 +0800] "POST /finance/manage/transport/info HTTP/1.1" 200 - 
0:0:0:0:0:0:0:1 - - [03/三月/2019:10:35:14 +0800] "POST /finance/manage/notice/info HTTP/1.1" 200 - 
0:0:0:0:0:0:0:1 - - [03/三月/2019:10:35:20 +0800] "GET /finance/resources/public/css/icons/icon-woman.png HTTP/1.1" 200 1621 
0:0:0:0:0:0:0:1 - - [03/三月/2019:10:35:20 +0800] "GET /finance/manage/userRole/setRole HTTP/1.1" 200 - 
0:0:0:0:0:0:0:1 - - [03/三月/2019:10:35:20 +0800] "GET /finance/resources/core/images/save.png HTTP/1.1" 200 1735 
0:0:0:0:0:0:0:1 - - [03/三月/2019:10:35:20 +0800] "POST /finance/manage/users/allUserByPage HTTP/1.1" 200 - 
0:0:0:0:0:0:0:1 - - [03/三月/2019:10:35:20 +0800] "POST /finance/manage/role/findAllRoleList HTTP/1.1" 200 - 
